{
  "stats": {
    "suites": 1,
    "tests": 2,
    "passes": 0,
    "pending": 0,
    "failures": 2,
    "start": "2020-12-09T21:08:28.314Z",
    "end": "2020-12-09T21:08:29.150Z",
    "duration": 836,
    "testsRegistered": 2,
    "passPercent": 0,
    "pendingPercent": 0,
    "other": 0,
    "hasOther": false,
    "skipped": 0,
    "hasSkipped": false
  },
  "results": [
    {
      "uuid": "18846b82-b5f7-4eb9-b68e-3a7d3dd21231",
      "title": "",
      "fullFile": "cypress/integration/examples/BDD/ecommerce/ecommerce/ecommerce.feature",
      "file": "cypress/integration/examples/BDD/ecommerce/ecommerce/ecommerce.feature",
      "beforeHooks": [],
      "afterHooks": [],
      "tests": [],
      "suites": [
        {
          "uuid": "7a949f72-dff7-4c8e-9106-c6cc8749c544",
          "title": "End2End E-Commerce Validation",
          "fullFile": "",
          "file": "",
          "beforeHooks": [],
          "afterHooks": [],
          "tests": [
            {
              "title": "E-Commerce Products Delivery",
              "fullTitle": "End2End E-Commerce Validation E-Commerce Products Delivery",
              "timedOut": null,
              "duration": 404,
              "state": "failed",
              "speed": null,
              "pass": false,
              "fail": true,
              "pending": false,
              "context": null,
              "code": "const state = window.testState;\nreturn cy\n  .then(() => state.onStartScenario(scenario, indexedSteps))\n  .then(() =>\n    resolveAndRunBeforeHooks.call(this, scenario.tags, state.feature.name)\n  )\n  .then(() =>\n    indexedSteps.forEach((step) =>\n      stepTest.call(this, state, step, rowData)\n    )\n  )\n  .then(() =>\n    resolveAndRunAfterHooks.call(this, scenario.tags, state.feature.name)\n  )\n  .then(() => state.onFinishScenario(scenario));",
              "err": {
                "message": "Error: Step implementation missing for: I open e-commerce page",
                "estack": "Error: Step implementation missing for: I open e-commerce page\n    at Context.resolveAndRunStepDefinition (http://localhost:59269/__cypress/tests?p=cypress/integration/examples/BDD/ecommerce/ecommerce/ecommerce.feature:13435:11)\n    at Context.eval (http://localhost:59269/__cypress/tests?p=cypress/integration/examples/BDD/ecommerce/ecommerce/ecommerce.feature:12773:35)",
                "diff": null
              },
              "uuid": "ed13e8b8-fa1f-49b2-bc8e-4cbf23cad906",
              "parentUUID": "7a949f72-dff7-4c8e-9106-c6cc8749c544",
              "isHook": false,
              "skipped": false
            },
            {
              "title": "Filling the form to shop",
              "fullTitle": "End2End E-Commerce Validation Filling the form to shop",
              "timedOut": null,
              "duration": 380,
              "state": "failed",
              "speed": null,
              "pass": false,
              "fail": true,
              "pending": false,
              "context": null,
              "code": "const state = window.testState;\nreturn cy\n  .then(() => state.onStartScenario(scenario, indexedSteps))\n  .then(() =>\n    resolveAndRunBeforeHooks.call(this, scenario.tags, state.feature.name)\n  )\n  .then(() =>\n    indexedSteps.forEach((step) =>\n      stepTest.call(this, state, step, rowData)\n    )\n  )\n  .then(() =>\n    resolveAndRunAfterHooks.call(this, scenario.tags, state.feature.name)\n  )\n  .then(() => state.onFinishScenario(scenario));",
              "err": {
                "message": "Error: Step implementation missing for: I open e-commerce page",
                "estack": "Error: Step implementation missing for: I open e-commerce page\n    at Context.resolveAndRunStepDefinition (http://localhost:59269/__cypress/tests?p=cypress/integration/examples/BDD/ecommerce/ecommerce/ecommerce.feature:13435:11)\n    at Context.eval (http://localhost:59269/__cypress/tests?p=cypress/integration/examples/BDD/ecommerce/ecommerce/ecommerce.feature:12773:35)",
                "diff": null
              },
              "uuid": "15995a51-56ab-4f8f-8d70-02d43d3a9a86",
              "parentUUID": "7a949f72-dff7-4c8e-9106-c6cc8749c544",
              "isHook": false,
              "skipped": false
            }
          ],
          "suites": [],
          "passes": [],
          "failures": [
            "ed13e8b8-fa1f-49b2-bc8e-4cbf23cad906",
            "15995a51-56ab-4f8f-8d70-02d43d3a9a86"
          ],
          "pending": [],
          "skipped": [],
          "duration": 784,
          "root": false,
          "rootEmpty": false,
          "_timeout": 2000
        }
      ],
      "passes": [],
      "failures": [],
      "pending": [],
      "skipped": [],
      "duration": 0,
      "root": true,
      "rootEmpty": true,
      "_timeout": 2000
    }
  ],
  "meta": {
    "mocha": {
      "version": "7.0.1"
    },
    "mochawesome": {
      "options": {
        "quiet": false,
        "reportFilename": "mochawesome",
        "saveHtml": true,
        "saveJson": true,
        "consoleReporter": "spec",
        "useInlineDiffs": false,
        "code": true
      },
      "version": "6.2.1"
    },
    "marge": {
      "options": {
        "overwrite": true,
        "html": true,
        "json": true
      },
      "version": "5.1.0"
    }
  }
}