{
  "stats": {
    "suites": 1,
    "tests": 1,
    "passes": 0,
    "pending": 0,
    "failures": 1,
    "start": "2020-12-07T20:59:04.876Z",
    "end": "2020-12-07T20:59:05.900Z",
    "duration": 1024,
    "testsRegistered": 1,
    "passPercent": 0,
    "pendingPercent": 0,
    "other": 0,
    "hasOther": false,
    "skipped": 0,
    "hasSkipped": false
  },
  "results": [
    {
      "uuid": "6e8ed189-20b5-4400-a094-d3a7c709a096",
      "title": "",
      "fullFile": "cypress/integration/examples/BDD/ecommerce/ecommerce.feature",
      "file": "cypress/integration/examples/BDD/ecommerce/ecommerce.feature",
      "beforeHooks": [],
      "afterHooks": [],
      "tests": [],
      "suites": [
        {
          "uuid": "f6ba0b5c-f54c-416a-8b16-9dded6fb0faa",
          "title": "End2End E-Commerce Validation",
          "fullFile": "",
          "file": "",
          "beforeHooks": [],
          "afterHooks": [],
          "tests": [
            {
              "title": "E-Commerce Products Delivery",
              "fullTitle": "End2End E-Commerce Validation E-Commerce Products Delivery",
              "timedOut": null,
              "duration": 941,
              "state": "failed",
              "speed": null,
              "pass": false,
              "fail": true,
              "pending": false,
              "context": null,
              "code": "const state = window.testState;\nreturn cy\n  .then(() => state.onStartScenario(scenario, indexedSteps))\n  .then(() =>\n    resolveAndRunBeforeHooks.call(this, scenario.tags, state.feature.name)\n  )\n  .then(() =>\n    indexedSteps.forEach((step) =>\n      stepTest.call(this, state, step, rowData)\n    )\n  )\n  .then(() =>\n    resolveAndRunAfterHooks.call(this, scenario.tags, state.feature.name)\n  )\n  .then(() => state.onFinishScenario(scenario));",
              "err": {
                "message": "Error: Step implementation missing for: I open e-commerce page",
                "estack": "Error: Step implementation missing for: I open e-commerce page\n    at Context.resolveAndRunStepDefinition (http://localhost:59873/__cypress/tests?p=cypress/integration/examples/BDD/ecommerce/ecommerce.feature:13435:11)\n    at Context.eval (http://localhost:59873/__cypress/tests?p=cypress/integration/examples/BDD/ecommerce/ecommerce.feature:12773:35)",
                "diff": null
              },
              "uuid": "6261df29-b77d-429f-ad5d-69fdcac7d65b",
              "parentUUID": "f6ba0b5c-f54c-416a-8b16-9dded6fb0faa",
              "isHook": false,
              "skipped": false
            }
          ],
          "suites": [],
          "passes": [],
          "failures": [
            "6261df29-b77d-429f-ad5d-69fdcac7d65b"
          ],
          "pending": [],
          "skipped": [],
          "duration": 941,
          "root": false,
          "rootEmpty": false,
          "_timeout": 2000
        }
      ],
      "passes": [],
      "failures": [],
      "pending": [],
      "skipped": [],
      "duration": 0,
      "root": true,
      "rootEmpty": true,
      "_timeout": 2000
    }
  ],
  "meta": {
    "mocha": {
      "version": "7.0.1"
    },
    "mochawesome": {
      "options": {
        "quiet": false,
        "reportFilename": "mochawesome",
        "saveHtml": true,
        "saveJson": true,
        "consoleReporter": "spec",
        "useInlineDiffs": false,
        "code": true
      },
      "version": "6.2.1"
    },
    "marge": {
      "options": {
        "overwrite": true,
        "html": true,
        "json": true
      },
      "version": "5.1.0"
    }
  }
}